<?xml version="1.0" encoding="UTF-8"?>
<!-- Generated by org.testng.reporters.JUnitXMLReporter -->
<testsuite ignored="0" hostname="Dinesh" failures="1" tests="2" name="chorme" time="8.215" errors="0" timestamp="2024-02-21T11:32:55 IST">
  <testcase classname="day6.ParallelTest" name="launch" time="4.894"/>
  <testcase classname="day6.ParallelTest" name="login" time="0.0">
    <failure type="org.testng.TestNGException" message="
Parameter &amp;apos;username&amp;apos; is required by @Test on method login but has not been marked @Optional or defined
in C:\Users\dines\eclipse-workspace\Gramiyaa\paralleltestingtestng.xml">
      <![CDATA[org.testng.TestNGException: 
Parameter 'username' is required by @Test on method login but has not been marked @Optional or defined
in C:\Users\dines\eclipse-workspace\Gramiyaa\paralleltestingtestng.xml
at java.base/java.util.ArrayList.forEach(ArrayList.java:1511)
... Removed 26 stack frames]]>
    </failure>
  </testcase> <!-- login -->
</testsuite> <!-- chorme -->
